<?xml version="1.0" encoding="UTF-8"?>
<!-- Generated by org.testng.reporters.JUnitReportReporter -->
<testsuite hostname="Tyler_PC" failures="0" tests="1" name="DummyAutomationWebsite.tests.CheckoutCompleteTest" time="4.819" errors="0" timestamp="2023-11-01T15:48:47 EDT" skipped="0">
  <testcase classname="DummyAutomationWebsite.tests.CheckoutCompleteTest" name="clickBackHome" time="4.819"/>
  <system-out/>
</testsuite> <!-- DummyAutomationWebsite.tests.CheckoutCompleteTest -->
