<?xml version="1.0" encoding="UTF-8"?>
<!-- Generated by org.testng.reporters.JUnitReportReporter -->
<testsuite hostname="Tyler_PC" failures="0" tests="1" name="LoginTest" time="31.022" errors="0" timestamp="2023-10-30T17:16:50 EDT" skipped="0">
  <testcase classname="LoginTest" name="login" time="31.022"/>
  <system-out/>
</testsuite> <!-- LoginTest -->
