<?xml version="1.0" encoding="UTF-8"?>
<!-- Generated by org.testng.reporters.JUnitReportReporter -->
<testsuite hostname="Tyler_PC" failures="0" tests="3" name="DummyAutomationWebsite.tests.CheckoutInfoTest" time="12.429" errors="0" timestamp="2023-11-01T15:26:36 EDT" skipped="0">
  <testcase classname="DummyAutomationWebsite.tests.CheckoutInfoTest" name="continueCheckout" time="4.722"/>
  <system-out/>
  <testcase classname="DummyAutomationWebsite.tests.CheckoutInfoTest" name="testRequiredFields" time="3.982"/>
  <system-out/>
  <testcase classname="DummyAutomationWebsite.tests.CheckoutInfoTest" name="cancel" time="3.725"/>
  <system-out/>
</testsuite> <!-- DummyAutomationWebsite.tests.CheckoutInfoTest -->
