<?xml version="1.0" encoding="UTF-8"?>
<!-- Generated by org.testng.reporters.JUnitReportReporter -->
<testsuite hostname="Tyler_PC" failures="0" tests="15" name="DummyAutomationWebsite.cucumber.TestRunner" time="73.693" errors="0" timestamp="2023-11-06T14:43:10 EST" skipped="0">
  <testcase classname="DummyAutomationWebsite.cucumber.TestRunner" name="runScenario" time="4.710"/>
  <system-out/>
  <testcase classname="DummyAutomationWebsite.cucumber.TestRunner" name="runScenario" time="4.718"/>
  <system-out/>
  <testcase classname="DummyAutomationWebsite.cucumber.TestRunner" name="runScenario" time="4.715"/>
  <system-out/>
  <testcase classname="DummyAutomationWebsite.cucumber.TestRunner" name="runScenario" time="4.804"/>
  <system-out/>
  <testcase classname="DummyAutomationWebsite.cucumber.TestRunner" name="runScenario" time="6.620"/>
  <system-out/>
  <testcase classname="DummyAutomationWebsite.cucumber.TestRunner" name="runScenario" time="4.820"/>
  <system-out/>
  <testcase classname="DummyAutomationWebsite.cucumber.TestRunner" name="runScenario" time="1.588"/>
  <system-out/>
  <testcase classname="DummyAutomationWebsite.cucumber.TestRunner" name="runScenario" time="4.674"/>
  <system-out/>
  <testcase classname="DummyAutomationWebsite.cucumber.TestRunner" name="runScenario" time="7.765"/>
  <system-out/>
  <testcase classname="DummyAutomationWebsite.cucumber.TestRunner" name="runScenario" time="5.088"/>
  <system-out/>
  <testcase classname="DummyAutomationWebsite.cucumber.TestRunner" name="runScenario" time="4.732"/>
  <system-out/>
  <testcase classname="DummyAutomationWebsite.cucumber.TestRunner" name="runScenario" time="4.731"/>
  <system-out/>
  <testcase classname="DummyAutomationWebsite.cucumber.TestRunner" name="runScenario" time="4.757"/>
  <system-out/>
  <testcase classname="DummyAutomationWebsite.cucumber.TestRunner" name="runScenario" time="4.982"/>
  <system-out/>
  <testcase classname="DummyAutomationWebsite.cucumber.TestRunner" name="runScenario" time="4.989"/>
  <system-out/>
</testsuite> <!-- DummyAutomationWebsite.cucumber.TestRunner -->
