<?xml version="1.0" encoding="UTF-8"?>
<!-- Generated by org.testng.reporters.JUnitReportReporter -->
<testsuite hostname="Tyler_PC" failures="0" tests="15" name="DummyAutomationWebsite.cucumber.TestRunner" time="72.185" errors="0" timestamp="2023-11-04T14:20:41 EDT" skipped="0">
  <testcase classname="DummyAutomationWebsite.cucumber.TestRunner" name="runScenario" time="4.773"/>
  <system-out/>
  <testcase classname="DummyAutomationWebsite.cucumber.TestRunner" name="runScenario" time="4.626"/>
  <system-out/>
  <testcase classname="DummyAutomationWebsite.cucumber.TestRunner" name="runScenario" time="4.700"/>
  <system-out/>
  <testcase classname="DummyAutomationWebsite.cucumber.TestRunner" name="runScenario" time="4.898"/>
  <system-out/>
  <testcase classname="DummyAutomationWebsite.cucumber.TestRunner" name="runScenario" time="4.693"/>
  <system-out/>
  <testcase classname="DummyAutomationWebsite.cucumber.TestRunner" name="runScenario" time="4.930"/>
  <system-out/>
  <testcase classname="DummyAutomationWebsite.cucumber.TestRunner" name="runScenario" time="5.944"/>
  <system-out/>
  <testcase classname="DummyAutomationWebsite.cucumber.TestRunner" name="runScenario" time="4.780"/>
  <system-out/>
  <testcase classname="DummyAutomationWebsite.cucumber.TestRunner" name="runScenario" time="4.669"/>
  <system-out/>
  <testcase classname="DummyAutomationWebsite.cucumber.TestRunner" name="runScenario" time="1.480"/>
  <system-out/>
  <testcase classname="DummyAutomationWebsite.cucumber.TestRunner" name="runScenario" time="7.739"/>
  <system-out/>
  <testcase classname="DummyAutomationWebsite.cucumber.TestRunner" name="runScenario" time="4.705"/>
  <system-out/>
  <testcase classname="DummyAutomationWebsite.cucumber.TestRunner" name="runScenario" time="4.920"/>
  <system-out/>
  <testcase classname="DummyAutomationWebsite.cucumber.TestRunner" name="runScenario" time="4.609"/>
  <system-out/>
  <testcase classname="DummyAutomationWebsite.cucumber.TestRunner" name="runScenario" time="4.719"/>
  <system-out/>
</testsuite> <!-- DummyAutomationWebsite.cucumber.TestRunner -->
