<?xml version="1.0" encoding="UTF-8"?>
<!-- Generated by org.testng.reporters.JUnitReportReporter -->
<testsuite hostname="Tyler_PC" failures="0" tests="1" name="DummyAutomationWebsite.tests.CheckoutOverviewTest" time="4.795" errors="0" timestamp="2023-11-01T15:42:01 EDT" skipped="0">
  <testcase classname="DummyAutomationWebsite.tests.CheckoutOverviewTest" name="calculateTotal" time="4.795"/>
  <system-out/>
</testsuite> <!-- DummyAutomationWebsite.tests.CheckoutOverviewTest -->
