<?xml version="1.0" encoding="UTF-8"?>
<!-- Generated by org.testng.reporters.JUnitReportReporter -->
<testsuite hostname="Tyler_PC" failures="0" tests="1" name="DummyAutomationWebsite.tests.ProductTest" time="7.610" errors="0" timestamp="2023-10-31T19:38:58 EDT" skipped="0">
  <testcase classname="DummyAutomationWebsite.tests.ProductTest" name="addProductToCart" time="7.610"/>
  <system-out/>
</testsuite> <!-- DummyAutomationWebsite.tests.ProductTest -->
