<?xml version="1.0" encoding="UTF-8"?>
<!-- Generated by org.testng.reporters.JUnitReportReporter -->
<testsuite hostname="Tyler_PC" failures="0" tests="1" name="DummyAutomationWebsite.tests.CartTest" time="4.794" errors="0" timestamp="2023-11-01T14:46:42 EDT" skipped="0">
  <testcase classname="DummyAutomationWebsite.tests.CartTest" name="checkout" time="4.794"/>
  <system-out/>
</testsuite> <!-- DummyAutomationWebsite.tests.CartTest -->
