<?xml version="1.0" encoding="UTF-8"?>
<!-- Generated by org.testng.reporters.JUnitReportReporter -->
<testsuite hostname="Tyler_PC" failures="0" tests="15" name="DummyAutomationWebsite.cucumber.TestRunner" time="72.323" errors="0" timestamp="2023-11-04T14:30:19 EDT" skipped="0">
  <testcase classname="DummyAutomationWebsite.cucumber.TestRunner" name="runScenario" time="1.563"/>
  <system-out/>
  <testcase classname="DummyAutomationWebsite.cucumber.TestRunner" name="runScenario" time="4.800"/>
  <system-out/>
  <testcase classname="DummyAutomationWebsite.cucumber.TestRunner" name="runScenario" time="5.000"/>
  <system-out/>
  <testcase classname="DummyAutomationWebsite.cucumber.TestRunner" name="runScenario" time="4.629"/>
  <system-out/>
  <testcase classname="DummyAutomationWebsite.cucumber.TestRunner" name="runScenario" time="5.614"/>
  <system-out/>
  <testcase classname="DummyAutomationWebsite.cucumber.TestRunner" name="runScenario" time="4.619"/>
  <system-out/>
  <testcase classname="DummyAutomationWebsite.cucumber.TestRunner" name="runScenario" time="4.780"/>
  <system-out/>
  <testcase classname="DummyAutomationWebsite.cucumber.TestRunner" name="runScenario" time="7.763"/>
  <system-out/>
  <testcase classname="DummyAutomationWebsite.cucumber.TestRunner" name="runScenario" time="4.622"/>
  <system-out/>
  <testcase classname="DummyAutomationWebsite.cucumber.TestRunner" name="runScenario" time="4.737"/>
  <system-out/>
  <testcase classname="DummyAutomationWebsite.cucumber.TestRunner" name="runScenario" time="4.734"/>
  <system-out/>
  <testcase classname="DummyAutomationWebsite.cucumber.TestRunner" name="runScenario" time="4.916"/>
  <system-out/>
  <testcase classname="DummyAutomationWebsite.cucumber.TestRunner" name="runScenario" time="4.760"/>
  <system-out/>
  <testcase classname="DummyAutomationWebsite.cucumber.TestRunner" name="runScenario" time="4.973"/>
  <system-out/>
  <testcase classname="DummyAutomationWebsite.cucumber.TestRunner" name="runScenario" time="4.813"/>
  <system-out/>
</testsuite> <!-- DummyAutomationWebsite.cucumber.TestRunner -->
