<?xml version="1.0" encoding="UTF-8"?>
<!-- Generated by org.testng.reporters.JUnitReportReporter -->
<testsuite hostname="Tyler_PC" failures="0" tests="6" name="DummyAutomationWebsite.tests.LoginTest" time="86.182" errors="0" timestamp="2023-10-31T17:51:11 EDT" skipped="0">
  <testcase classname="DummyAutomationWebsite.tests.LoginTest" name="loginLockedOutUser" time="7.198"/>
  <system-out/>
  <testcase classname="DummyAutomationWebsite.tests.LoginTest" name="loginPerformanceGlitchUser" time="19.784"/>
  <system-out/>
  <testcase classname="DummyAutomationWebsite.tests.LoginTest" name="loginStandardUser" time="14.746"/>
  <system-out/>
  <testcase classname="DummyAutomationWebsite.tests.LoginTest" name="loginErrorUser" time="15.081"/>
  <system-out/>
  <testcase classname="DummyAutomationWebsite.tests.LoginTest" name="loginProblemUser" time="14.706"/>
  <system-out/>
  <testcase classname="DummyAutomationWebsite.tests.LoginTest" name="loginVisualUser" time="14.667"/>
  <system-out/>
</testsuite> <!-- DummyAutomationWebsite.tests.LoginTest -->
